D:\GAMESDL\SDL\SDL\DEBUG\SDL.PCH
D:\GAMESDL\SDL\SDL\DEBUG\STDAFX.OBJ
D:\GAMESDL\SDL\SDL\DEBUG\VC110.PDB
D:\GAMESDL\SDL\SDL\DEBUG\BASEOBJECT.OBJ
D:\GAMESDL\SDL\SDL\DEBUG\CHARACTER.OBJ
D:\GAMESDL\SDL\SDL\DEBUG\COMMONFUNC.OBJ
D:\GAMESDL\SDL\SDL\DEBUG\GAMEMAP.OBJ
D:\GAMESDL\SDL\SDL\DEBUG\IMPTIMER.OBJ
D:\GAMESDL\SDL\SDL\DEBUG\PLAYERMONEY.OBJ
D:\GAMESDL\SDL\SDL\DEBUG\TEXT.OBJ
D:\GAMESDL\SDL\SDL\DEBUG\MAIN.OBJ
D:\GAMESDL\SDL\SDL\DEBUG\SDL.ILK
D:\GAMESDL\SDL\SDL\DEBUG\SDL.EXE
D:\GAMESDL\SDL\SDL\DEBUG\SDL.PDB
D:\GAMESDL\SDL\SDL\Debug\BaseObject.obj
D:\GAMESDL\SDL\SDL\Debug\Character.obj
D:\GAMESDL\SDL\SDL\Debug\CommonFunc.obj
D:\GAMESDL\SDL\SDL\Debug\GameMap.obj
D:\GAMESDL\SDL\SDL\Debug\ImpTimer.obj
D:\GAMESDL\SDL\SDL\Debug\main.obj
D:\GAMESDL\SDL\SDL\Debug\PlayerMoney.obj
D:\GAMESDL\SDL\SDL\Debug\stdafx.obj
D:\GAMESDL\SDL\SDL\Debug\text.obj
D:\GAMESDL\SDL\SDL\Debug\SDL.ilk
D:\GAMESDL\SDL\SDL\Debug\cl.command.1.tlog
D:\GAMESDL\SDL\SDL\Debug\CL.read.1.tlog
D:\GAMESDL\SDL\SDL\Debug\CL.write.1.tlog
D:\GAMESDL\SDL\SDL\Debug\link-cvtres.read.1.tlog
D:\GAMESDL\SDL\SDL\Debug\link-cvtres.write.1.tlog
D:\GAMESDL\SDL\SDL\Debug\link-rc.read.1.tlog
D:\GAMESDL\SDL\SDL\Debug\link-rc.write.1.tlog
D:\GAMESDL\SDL\SDL\Debug\link.10620-cvtres.read.1.tlog
D:\GAMESDL\SDL\SDL\Debug\link.10620-cvtres.write.1.tlog
D:\GAMESDL\SDL\SDL\Debug\link.10620-rc.read.1.tlog
D:\GAMESDL\SDL\SDL\Debug\link.10620-rc.write.1.tlog
D:\GAMESDL\SDL\SDL\Debug\link.10620.read.1.tlog
D:\GAMESDL\SDL\SDL\Debug\link.10620.write.1.tlog
D:\GAMESDL\SDL\SDL\Debug\link.1720-cvtres.read.1.tlog
D:\GAMESDL\SDL\SDL\Debug\link.1720-cvtres.write.1.tlog
D:\GAMESDL\SDL\SDL\Debug\link.1720-rc.read.1.tlog
D:\GAMESDL\SDL\SDL\Debug\link.1720-rc.write.1.tlog
D:\GAMESDL\SDL\SDL\Debug\link.1720.read.1.tlog
D:\GAMESDL\SDL\SDL\Debug\link.1720.write.1.tlog
D:\GAMESDL\SDL\SDL\Debug\link.command.1.tlog
D:\GAMESDL\SDL\SDL\Debug\link.read.1.tlog
D:\GAMESDL\SDL\SDL\Debug\link.write.1.tlog
D:\GAMESDL\SDL\SDL\Debug\SDL.pch
D:\GAMESDL\SDL\SDL\Debug\vc110.idb
D:\GAMESDL\SDL\SDL\Debug\SDL.pdb
D:\GAMESDL\SDL\SDL\Debug\vc110.pdb
D:\GAMESDL\SDL\SDL\Debug\SDL.exe
