  main.cpp
  Generating Code...
  Compiling...
  text.cpp
  PlayerMoney.cpp
  ImpTimer.cpp
  GameMap.cpp
  CommonFunc.cpp
  Character.cpp
d:\gamesdl\sdl\sdl\character.cpp(66): warning C4244: '=' : conversion from 'float' to 'int', possible loss of data
d:\gamesdl\sdl\sdl\character.cpp(67): warning C4244: '=' : conversion from 'float' to 'int', possible loss of data
d:\gamesdl\sdl\sdl\character.cpp(111): warning C4305: '+=' : truncation from 'double' to 'float'
d:\gamesdl\sdl\sdl\character.cpp(142): warning C4244: '=' : conversion from 'float' to 'int', possible loss of data
d:\gamesdl\sdl\sdl\character.cpp(143): warning C4244: '=' : conversion from 'float' to 'int', possible loss of data
d:\gamesdl\sdl\sdl\character.cpp(145): warning C4244: '=' : conversion from 'float' to 'int', possible loss of data
d:\gamesdl\sdl\sdl\character.cpp(146): warning C4244: '=' : conversion from 'float' to 'int', possible loss of data
d:\gamesdl\sdl\sdl\character.cpp(176): warning C4244: '=' : conversion from 'int' to 'float', possible loss of data
d:\gamesdl\sdl\sdl\character.cpp(199): warning C4244: '=' : conversion from 'int' to 'float', possible loss of data
d:\gamesdl\sdl\sdl\character.cpp(207): warning C4244: '=' : conversion from 'float' to 'int', possible loss of data
d:\gamesdl\sdl\sdl\character.cpp(208): warning C4244: '=' : conversion from 'float' to 'int', possible loss of data
d:\gamesdl\sdl\sdl\character.cpp(210): warning C4244: '=' : conversion from 'float' to 'int', possible loss of data
d:\gamesdl\sdl\sdl\character.cpp(211): warning C4244: '=' : conversion from 'float' to 'int', possible loss of data
d:\gamesdl\sdl\sdl\character.cpp(230): warning C4244: '=' : conversion from 'int' to 'float', possible loss of data
d:\gamesdl\sdl\sdl\character.cpp(253): warning C4244: '=' : conversion from 'int' to 'float', possible loss of data
d:\gamesdl\sdl\sdl\character.cpp(266): warning C4244: '=' : conversion from 'const int' to 'float', possible loss of data
d:\gamesdl\sdl\sdl\character.cpp(272): warning C4244: '=' : conversion from 'float' to 'int', possible loss of data
  BaseObject.cpp
  Generating Code...
  SDL.vcxproj -> D:\GAMESDL\SDL\SDL\Debug\SDL.exe
